<!DOCTYPE suite SYSTEM "https://testng.org/testng-1.0.dtd">
<suite name="test-to-fail" parallel="tests" thread-count="4">
    <test name="test that fails">
        <classes>
            <class name="com.automation.framework.tests.flightreservation.TestToFail"></class>
        </classes>
    </test>
</suite>
